# JRE version: Java(TM) SE Runtime Environment (11.0.2+7) (build 11.0.2+7-LTS)
# Java VM: Java HotSpot(TM) 64-Bit Server VM (11.0.2+7-LTS, mixed mode, tiered, compressed oops, g1 gc, linux-amd64)
Heap:
 garbage-first heap   total 1213440K, used 184320K [0x0000000707400000, 0x0000000800000000)
  region size 1024K, 6 young (6144K), 6 survivors (6144K)
 Metaspace       used 11337K, capacity 11781K, committed 12160K, reserved 1060864K
  class space    used 1177K, capacity 1340K, committed 1408K, reserved 1048576K
GC Heap History (10 events):
Event: 1.007 GC heap after
{Heap after GC invocations=4 (full 0):
 garbage-first heap   total 256000K, used 52952K [0x0000000707400000, 0x0000000800000000)
  region size 1024K, 2 young (2048K), 2 survivors (2048K)
 Metaspace       used 10699K, capacity 11129K, committed 11264K, reserved 1058816K
  class space    used 1124K, capacity 1272K, committed 1280K, reserved 1048576K
}
Event: 1.058 GC heap before
{Heap before GC invocations=4 (full 0):
 garbage-first heap   total 256000K, used 66264K [0x0000000707400000, 0x0000000800000000)
  region size 1024K, 12 young (12288K), 2 survivors (2048K)
 Metaspace       used 10699K, capacity 11129K, committed 11264K, reserved 1058816K
  class space    used 1124K, capacity 1272K, committed 1280K, reserved 1048576K
}
Event: 1.079 GC heap after
{Heap after GC invocations=5 (full 0):
 garbage-first heap   total 481280K, used 66174K [0x0000000707400000, 0x0000000800000000)
  region size 1024K, 2 young (2048K), 2 survivors (2048K)
 Metaspace       used 10699K, capacity 11129K, committed 11264K, reserved 1058816K
  class space    used 1124K, capacity 1272K, committed 1280K, reserved 1048576K
}
Event: 1.235 GC heap before
{Heap before GC invocations=5 (full 0):
 garbage-first heap   total 481280K, used 92798K [0x0000000707400000, 0x0000000800000000)
  region size 1024K, 26 young (26624K), 2 survivors (2048K)
 Metaspace       used 11119K, capacity 11545K, committed 11904K, reserved 1060864K
  class space    used 1161K, capacity 1304K, committed 1408K, reserved 1048576K
}
Event: 1.277 GC heap after
{Heap after GC invocations=6 (full 0):
 garbage-first heap   total 481280K, used 91036K [0x0000000707400000, 0x0000000800000000)
  region size 1024K, 4 young (4096K), 4 survivors (4096K)
 Metaspace       used 11119K, capacity 11545K, committed 11904K, reserved 1060864K
  class space    used 1161K, capacity 1304K, committed 1408K, reserved 1048576K
}
Event: 1.461 GC heap before
{Heap before GC invocations=6 (full 0):
 garbage-first heap   total 481280K, used 121756K [0x0000000707400000, 0x0000000800000000)
  region size 1024K, 31 young (31744K), 4 survivors (4096K)
 Metaspace       used 11337K, capacity 11781K, committed 12160K, reserved 1060864K
  class space    used 1177K, capacity 1340K, committed 1408K, reserved 1048576K
}
Event: 1.506 GC heap after
{Heap after GC invocations=7 (full 0):
 garbage-first heap   total 481280K, used 119639K [0x0000000707400000, 0x0000000800000000)
  region size 1024K, 4 young (4096K), 4 survivors (4096K)
 Metaspace       used 11337K, capacity 11781K, committed 12160K, reserved 1060864K
  class space    used 1177K, capacity 1340K, committed 1408K, reserved 1048576K
}
Event: 1.615 GC heap before
{Heap before GC invocations=7 (full 0):
 garbage-first heap   total 481280K, used 146263K [0x0000000707400000, 0x0000000800000000)
  region size 1024K, 26 young (26624K), 4 survivors (4096K)
 Metaspace       used 11337K, capacity 11781K, committed 12160K, reserved 1060864K
  class space    used 1177K, capacity 1340K, committed 1408K, reserved 1048576K
}
Event: 1.665 GC heap after
{Heap after GC invocations=8 (full 0):
 garbage-first heap   total 481280K, used 146432K [0x0000000707400000, 0x0000000800000000)
  region size 1024K, 4 young (4096K), 4 survivors (4096K)
 Metaspace       used 11337K, capacity 11781K, committed 12160K, reserved 1060864K
  class space    used 1177K, capacity 1340K, committed 1408K, reserved 1048576K
}
Event: 1.824 GC heap before
{Heap before GC invocations=8 (full 0):
 garbage-first heap   total 481280K, used 186368K [0x0000000707400000, 0x0000000800000000)
  region size 1024K, 43 young (44032K), 4 survivors (4096K)
 Metaspace       used 11337K, capacity 11781K, committed 12160K, reserved 1060864K
  class space    used 1177K, capacity 1340K, committed 1408K, reserved 1048576K
}

