# JRE version: Java(TM) SE Runtime Environment (11.0.2+7) (build 11.0.2+7-LTS)
# Java VM: Java HotSpot(TM) 64-Bit Server VM (11.0.2+7-LTS, mixed mode, tiered, compressed oops, g1 gc, linux-amd64)
Heap:
 garbage-first heap   total 1150976K, used 196608K [0x0000000707400000, 0x0000000800000000)
  region size 1024K, 5 young (5120K), 5 survivors (5120K)
 Metaspace       used 11370K, capacity 11781K, committed 12160K, reserved 1060864K
  class space    used 1179K, capacity 1340K, committed 1408K, reserved 1048576K
GC Heap History (10 events):
Event: 1.044 GC heap after
{Heap after GC invocations=4 (full 0):
 garbage-first heap   total 256000K, used 53248K [0x0000000707400000, 0x0000000800000000)
  region size 1024K, 2 young (2048K), 2 survivors (2048K)
 Metaspace       used 10726K, capacity 11129K, committed 11264K, reserved 1058816K
  class space    used 1125K, capacity 1272K, committed 1280K, reserved 1048576K
}
Event: 1.095 GC heap before
{Heap before GC invocations=4 (full 0):
 garbage-first heap   total 256000K, used 66560K [0x0000000707400000, 0x0000000800000000)
  region size 1024K, 12 young (12288K), 2 survivors (2048K)
 Metaspace       used 10726K, capacity 11129K, committed 11264K, reserved 1058816K
  class space    used 1125K, capacity 1272K, committed 1280K, reserved 1048576K
}
Event: 1.117 GC heap after
{Heap after GC invocations=5 (full 0):
 garbage-first heap   total 454656K, used 66560K [0x0000000707400000, 0x0000000800000000)
  region size 1024K, 2 young (2048K), 2 survivors (2048K)
 Metaspace       used 10726K, capacity 11129K, committed 11264K, reserved 1058816K
  class space    used 1125K, capacity 1272K, committed 1280K, reserved 1048576K
}
Event: 1.267 GC heap before
{Heap before GC invocations=5 (full 0):
 garbage-first heap   total 454656K, used 88064K [0x0000000707400000, 0x0000000800000000)
  region size 1024K, 22 young (22528K), 2 survivors (2048K)
 Metaspace       used 11370K, capacity 11781K, committed 12160K, reserved 1060864K
  class space    used 1179K, capacity 1340K, committed 1408K, reserved 1048576K
}
Event: 1.312 GC heap after
{Heap after GC invocations=6 (full 0):
 garbage-first heap   total 454656K, used 86247K [0x0000000707400000, 0x0000000800000000)
  region size 1024K, 3 young (3072K), 3 survivors (3072K)
 Metaspace       used 11370K, capacity 11781K, committed 12160K, reserved 1060864K
  class space    used 1179K, capacity 1340K, committed 1408K, reserved 1048576K
}
Event: 1.556 GC heap before
{Heap before GC invocations=6 (full 0):
 garbage-first heap   total 454656K, used 128231K [0x0000000707400000, 0x0000000800000000)
  region size 1024K, 40 young (40960K), 3 survivors (3072K)
 Metaspace       used 11370K, capacity 11781K, committed 12160K, reserved 1060864K
  class space    used 1179K, capacity 1340K, committed 1408K, reserved 1048576K
}
Event: 1.614 GC heap after
{Heap after GC invocations=7 (full 0):
 garbage-first heap   total 454656K, used 125676K [0x0000000707400000, 0x0000000800000000)
  region size 1024K, 5 young (5120K), 5 survivors (5120K)
 Metaspace       used 11370K, capacity 11781K, committed 12160K, reserved 1060864K
  class space    used 1179K, capacity 1340K, committed 1408K, reserved 1048576K
}
Event: 1.810 GC heap before
{Heap before GC invocations=7 (full 0):
 garbage-first heap   total 454656K, used 168684K [0x0000000707400000, 0x0000000800000000)
  region size 1024K, 43 young (44032K), 5 survivors (5120K)
 Metaspace       used 11370K, capacity 11781K, committed 12160K, reserved 1060864K
  class space    used 1179K, capacity 1340K, committed 1408K, reserved 1048576K
}
Event: 1.855 GC heap after
{Heap after GC invocations=8 (full 0):
 garbage-first heap   total 454656K, used 166400K [0x0000000707400000, 0x0000000800000000)
  region size 1024K, 6 young (6144K), 6 survivors (6144K)
 Metaspace       used 11370K, capacity 11781K, committed 12160K, reserved 1060864K
  class space    used 1179K, capacity 1340K, committed 1408K, reserved 1048576K
}
Event: 1.999 GC heap before
{Heap before GC invocations=8 (full 0):
 garbage-first heap   total 454656K, used 198144K [0x0000000707400000, 0x0000000800000000)
  region size 1024K, 35 young (35840K), 6 survivors (6144K)
 Metaspace       used 11370K, capacity 11781K, committed 12160K, reserved 1060864K
  class space    used 1179K, capacity 1340K, committed 1408K, reserved 1048576K
}

