# JRE version: Java(TM) SE Runtime Environment (11.0.2+7) (build 11.0.2+7-LTS)
# Java VM: Java HotSpot(TM) 64-Bit Server VM (11.0.2+7-LTS, mixed mode, tiered, compressed oops, g1 gc, linux-amd64)
Heap:
 garbage-first heap   total 1145856K, used 169471K [0x0000000707400000, 0x0000000800000000)
  region size 1024K, 6 young (6144K), 6 survivors (6144K)
 Metaspace       used 11373K, capacity 11781K, committed 12160K, reserved 1060864K
  class space    used 1180K, capacity 1340K, committed 1408K, reserved 1048576K
GC Heap History (10 events):
Event: 1.174 GC heap after
{Heap after GC invocations=4 (full 0):
 garbage-first heap   total 256000K, used 41984K [0x0000000707400000, 0x0000000800000000)
  region size 1024K, 2 young (2048K), 2 survivors (2048K)
 Metaspace       used 10737K, capacity 11129K, committed 11264K, reserved 1058816K
  class space    used 1125K, capacity 1272K, committed 1280K, reserved 1048576K
}
Event: 1.379 GC heap before
{Heap before GC invocations=4 (full 0):
 garbage-first heap   total 256000K, used 65536K [0x0000000707400000, 0x0000000800000000)
  region size 1024K, 25 young (25600K), 2 survivors (2048K)
 Metaspace       used 11373K, capacity 11781K, committed 12160K, reserved 1060864K
  class space    used 1180K, capacity 1340K, committed 1408K, reserved 1048576K
}
Event: 1.409 GC heap after
{Heap after GC invocations=5 (full 0):
 garbage-first heap   total 489472K, used 61704K [0x0000000707400000, 0x0000000800000000)
  region size 1024K, 4 young (4096K), 4 survivors (4096K)
 Metaspace       used 11373K, capacity 11781K, committed 12160K, reserved 1060864K
  class space    used 1180K, capacity 1340K, committed 1408K, reserved 1048576K
}
Event: 1.607 GC heap before
{Heap before GC invocations=5 (full 0):
 garbage-first heap   total 489472K, used 84232K [0x0000000707400000, 0x0000000800000000)
  region size 1024K, 23 young (23552K), 4 survivors (4096K)
 Metaspace       used 11373K, capacity 11781K, committed 12160K, reserved 1060864K
  class space    used 1180K, capacity 1340K, committed 1408K, reserved 1048576K
}
Event: 1.644 GC heap after
{Heap after GC invocations=6 (full 0):
 garbage-first heap   total 489472K, used 81241K [0x0000000707400000, 0x0000000800000000)
  region size 1024K, 3 young (3072K), 3 survivors (3072K)
 Metaspace       used 11373K, capacity 11781K, committed 12160K, reserved 1060864K
  class space    used 1180K, capacity 1340K, committed 1408K, reserved 1048576K
}
Event: 1.890 GC heap before
{Heap before GC invocations=6 (full 0):
 garbage-first heap   total 489472K, used 114009K [0x0000000707400000, 0x0000000800000000)
  region size 1024K, 32 young (32768K), 3 survivors (3072K)
 Metaspace       used 11373K, capacity 11781K, committed 12160K, reserved 1060864K
  class space    used 1180K, capacity 1340K, committed 1408K, reserved 1048576K
}
Event: 1.961 GC heap after
{Heap after GC invocations=7 (full 0):
 garbage-first heap   total 489472K, used 108302K [0x0000000707400000, 0x0000000800000000)
  region size 1024K, 4 young (4096K), 4 survivors (4096K)
 Metaspace       used 11373K, capacity 11781K, committed 12160K, reserved 1060864K
  class space    used 1180K, capacity 1340K, committed 1408K, reserved 1048576K
}
Event: 2.151 GC heap before
{Heap before GC invocations=7 (full 0):
 garbage-first heap   total 489472K, used 137998K [0x0000000707400000, 0x0000000800000000)
  region size 1024K, 30 young (30720K), 4 survivors (4096K)
 Metaspace       used 11373K, capacity 11781K, committed 12160K, reserved 1060864K
  class space    used 1180K, capacity 1340K, committed 1408K, reserved 1048576K
}
Event: 2.196 GC heap after
{Heap after GC invocations=8 (full 0):
 garbage-first heap   total 489472K, used 134131K [0x0000000707400000, 0x0000000800000000)
  region size 1024K, 4 young (4096K), 4 survivors (4096K)
 Metaspace       used 11373K, capacity 11781K, committed 12160K, reserved 1060864K
  class space    used 1180K, capacity 1340K, committed 1408K, reserved 1048576K
}
Event: 2.480 GC heap before
{Heap before GC invocations=8 (full 0):
 garbage-first heap   total 489472K, used 175091K [0x0000000707400000, 0x0000000800000000)
  region size 1024K, 42 young (43008K), 4 survivors (4096K)
 Metaspace       used 11373K, capacity 11781K, committed 12160K, reserved 1060864K
  class space    used 1180K, capacity 1340K, committed 1408K, reserved 1048576K
}

