# JRE version: Java(TM) SE Runtime Environment (11.0.2+7) (build 11.0.2+7-LTS)
# Java VM: Java HotSpot(TM) 64-Bit Server VM (11.0.2+7-LTS, mixed mode, tiered, compressed oops, g1 gc, linux-amd64)
Heap:
 garbage-first heap   total 995328K, used 162764K [0x0000000707400000, 0x0000000800000000)
  region size 1024K, 5 young (5120K), 5 survivors (5120K)
 Metaspace       used 11379K, capacity 11781K, committed 11904K, reserved 1060864K
  class space    used 1180K, capacity 1340K, committed 1408K, reserved 1048576K
GC Heap History (10 events):
Event: 1.173 GC heap after
{Heap after GC invocations=4 (full 0):
 garbage-first heap   total 256000K, used 46376K [0x0000000707400000, 0x0000000800000000)
  region size 1024K, 2 young (2048K), 2 survivors (2048K)
 Metaspace       used 10740K, capacity 11129K, committed 11264K, reserved 1058816K
  class space    used 1125K, capacity 1272K, committed 1280K, reserved 1048576K
}
Event: 1.368 GC heap before
{Heap before GC invocations=4 (full 0):
 garbage-first heap   total 256000K, used 64808K [0x0000000707400000, 0x0000000800000000)
  region size 1024K, 17 young (17408K), 2 survivors (2048K)
 Metaspace       used 11379K, capacity 11781K, committed 11904K, reserved 1060864K
  class space    used 1180K, capacity 1340K, committed 1408K, reserved 1048576K
}
Event: 1.407 GC heap after
{Heap after GC invocations=5 (full 0):
 garbage-first heap   total 460800K, used 61999K [0x0000000707400000, 0x0000000800000000)
  region size 1024K, 3 young (3072K), 3 survivors (3072K)
 Metaspace       used 11379K, capacity 11781K, committed 11904K, reserved 1060864K
  class space    used 1180K, capacity 1340K, committed 1408K, reserved 1048576K
}
Event: 1.606 GC heap before
{Heap before GC invocations=5 (full 0):
 garbage-first heap   total 460800K, used 83503K [0x0000000707400000, 0x0000000800000000)
  region size 1024K, 22 young (22528K), 3 survivors (3072K)
 Metaspace       used 11379K, capacity 11781K, committed 11904K, reserved 1060864K
  class space    used 1180K, capacity 1340K, committed 1408K, reserved 1048576K
}
Event: 1.631 GC heap after
{Heap after GC invocations=6 (full 0):
 garbage-first heap   total 460800K, used 80650K [0x0000000707400000, 0x0000000800000000)
  region size 1024K, 3 young (3072K), 3 survivors (3072K)
 Metaspace       used 11379K, capacity 11781K, committed 11904K, reserved 1060864K
  class space    used 1180K, capacity 1340K, committed 1408K, reserved 1048576K
}
Event: 1.852 GC heap before
{Heap before GC invocations=6 (full 0):
 garbage-first heap   total 460800K, used 106250K [0x0000000707400000, 0x0000000800000000)
  region size 1024K, 28 young (28672K), 3 survivors (3072K)
 Metaspace       used 11379K, capacity 11781K, committed 11904K, reserved 1060864K
  class space    used 1180K, capacity 1340K, committed 1408K, reserved 1048576K
}
Event: 1.913 GC heap after
{Heap after GC invocations=7 (full 0):
 garbage-first heap   total 460800K, used 102400K [0x0000000707400000, 0x0000000800000000)
  region size 1024K, 4 young (4096K), 4 survivors (4096K)
 Metaspace       used 11379K, capacity 11781K, committed 11904K, reserved 1060864K
  class space    used 1180K, capacity 1340K, committed 1408K, reserved 1048576K
}
Event: 2.182 GC heap before
{Heap before GC invocations=7 (full 0):
 garbage-first heap   total 460800K, used 132096K [0x0000000707400000, 0x0000000800000000)
  region size 1024K, 28 young (28672K), 4 survivors (4096K)
 Metaspace       used 11379K, capacity 11781K, committed 11904K, reserved 1060864K
  class space    used 1180K, capacity 1340K, committed 1408K, reserved 1048576K
}
Event: 2.207 GC heap after
{Heap after GC invocations=8 (full 0):
 garbage-first heap   total 460800K, used 128914K [0x0000000707400000, 0x0000000800000000)
  region size 1024K, 4 young (4096K), 4 survivors (4096K)
 Metaspace       used 11379K, capacity 11781K, committed 11904K, reserved 1060864K
  class space    used 1180K, capacity 1340K, committed 1408K, reserved 1048576K
}
Event: 2.457 GC heap before
{Heap before GC invocations=8 (full 0):
 garbage-first heap   total 460800K, used 167826K [0x0000000707400000, 0x0000000800000000)
  region size 1024K, 40 young (40960K), 4 survivors (4096K)
 Metaspace       used 11379K, capacity 11781K, committed 11904K, reserved 1060864K
  class space    used 1180K, capacity 1340K, committed 1408K, reserved 1048576K
}

