# JRE version: Java(TM) SE Runtime Environment (11.0.2+7) (build 11.0.2+7-LTS)
# Java VM: Java HotSpot(TM) 64-Bit Server VM (11.0.2+7-LTS, mixed mode, tiered, compressed oops, g1 gc, linux-amd64)
Heap:
 garbage-first heap   total 1174528K, used 173568K [0x0000000707400000, 0x0000000800000000)
  region size 1024K, 4 young (4096K), 4 survivors (4096K)
 Metaspace       used 11365K, capacity 11785K, committed 12160K, reserved 1060864K
  class space    used 1180K, capacity 1340K, committed 1408K, reserved 1048576K
GC Heap History (10 events):
Event: 1.055 GC heap after
{Heap after GC invocations=4 (full 0):
 garbage-first heap   total 256000K, used 52579K [0x0000000707400000, 0x0000000800000000)
  region size 1024K, 2 young (2048K), 2 survivors (2048K)
 Metaspace       used 10715K, capacity 11133K, committed 11264K, reserved 1058816K
  class space    used 1125K, capacity 1272K, committed 1280K, reserved 1048576K
}
Event: 1.126 GC heap before
{Heap before GC invocations=4 (full 0):
 garbage-first heap   total 256000K, used 65891K [0x0000000707400000, 0x0000000800000000)
  region size 1024K, 12 young (12288K), 2 survivors (2048K)
 Metaspace       used 10715K, capacity 11133K, committed 11264K, reserved 1058816K
  class space    used 1125K, capacity 1272K, committed 1280K, reserved 1048576K
}
Event: 1.155 GC heap after
{Heap after GC invocations=5 (full 0):
 garbage-first heap   total 457728K, used 65461K [0x0000000707400000, 0x0000000800000000)
  region size 1024K, 2 young (2048K), 2 survivors (2048K)
 Metaspace       used 10715K, capacity 11133K, committed 11264K, reserved 1058816K
  class space    used 1125K, capacity 1272K, committed 1280K, reserved 1048576K
}
Event: 1.309 GC heap before
{Heap before GC invocations=5 (full 0):
 garbage-first heap   total 457728K, used 87989K [0x0000000707400000, 0x0000000800000000)
  region size 1024K, 22 young (22528K), 2 survivors (2048K)
 Metaspace       used 11365K, capacity 11785K, committed 12160K, reserved 1060864K
  class space    used 1180K, capacity 1340K, committed 1408K, reserved 1048576K
}
Event: 1.348 GC heap after
{Heap after GC invocations=6 (full 0):
 garbage-first heap   total 457728K, used 86016K [0x0000000707400000, 0x0000000800000000)
  region size 1024K, 3 young (3072K), 3 survivors (3072K)
 Metaspace       used 11365K, capacity 11785K, committed 12160K, reserved 1060864K
  class space    used 1180K, capacity 1340K, committed 1408K, reserved 1048576K
}
Event: 1.562 GC heap before
{Heap before GC invocations=6 (full 0):
 garbage-first heap   total 457728K, used 123904K [0x0000000707400000, 0x0000000800000000)
  region size 1024K, 37 young (37888K), 3 survivors (3072K)
 Metaspace       used 11365K, capacity 11785K, committed 12160K, reserved 1060864K
  class space    used 1180K, capacity 1340K, committed 1408K, reserved 1048576K
}
Event: 1.625 GC heap after
{Heap after GC invocations=7 (full 0):
 garbage-first heap   total 457728K, used 121204K [0x0000000707400000, 0x0000000800000000)
  region size 1024K, 5 young (5120K), 5 survivors (5120K)
 Metaspace       used 11365K, capacity 11785K, committed 12160K, reserved 1060864K
  class space    used 1180K, capacity 1340K, committed 1408K, reserved 1048576K
}
Event: 1.773 GC heap before
{Heap before GC invocations=7 (full 0):
 garbage-first heap   total 457728K, used 147828K [0x0000000707400000, 0x0000000800000000)
  region size 1024K, 27 young (27648K), 5 survivors (5120K)
 Metaspace       used 11365K, capacity 11785K, committed 12160K, reserved 1060864K
  class space    used 1180K, capacity 1340K, committed 1408K, reserved 1048576K
}
Event: 1.818 GC heap after
{Heap after GC invocations=8 (full 0):
 garbage-first heap   total 457728K, used 147968K [0x0000000707400000, 0x0000000800000000)
  region size 1024K, 4 young (4096K), 4 survivors (4096K)
 Metaspace       used 11365K, capacity 11785K, committed 12160K, reserved 1060864K
  class space    used 1180K, capacity 1340K, committed 1408K, reserved 1048576K
}
Event: 1.927 GC heap before
{Heap before GC invocations=8 (full 0):
 garbage-first heap   total 457728K, used 174592K [0x0000000707400000, 0x0000000800000000)
  region size 1024K, 30 young (30720K), 4 survivors (4096K)
 Metaspace       used 11365K, capacity 11785K, committed 12160K, reserved 1060864K
  class space    used 1180K, capacity 1340K, committed 1408K, reserved 1048576K
}

