# JRE version: Java(TM) SE Runtime Environment (11.0.2+7) (build 11.0.2+7-LTS)
# Java VM: Java HotSpot(TM) 64-Bit Server VM (11.0.2+7-LTS, mixed mode, tiered, compressed oops, g1 gc, linux-amd64)
Heap:
 garbage-first heap   total 1181696K, used 184792K [0x0000000707400000, 0x0000000800000000)
  region size 1024K, 6 young (6144K), 6 survivors (6144K)
 Metaspace       used 11373K, capacity 11781K, committed 12160K, reserved 1060864K
  class space    used 1178K, capacity 1340K, committed 1408K, reserved 1048576K
GC Heap History (10 events):
Event: 0.947 GC heap after
{Heap after GC invocations=4 (full 0):
 garbage-first heap   total 256000K, used 52588K [0x0000000707400000, 0x0000000800000000)
  region size 1024K, 2 young (2048K), 2 survivors (2048K)
 Metaspace       used 10718K, capacity 11129K, committed 11264K, reserved 1058816K
  class space    used 1123K, capacity 1272K, committed 1280K, reserved 1048576K
}
Event: 1.001 GC heap before
{Heap before GC invocations=4 (full 0):
 garbage-first heap   total 256000K, used 65900K [0x0000000707400000, 0x0000000800000000)
  region size 1024K, 12 young (12288K), 2 survivors (2048K)
 Metaspace       used 10718K, capacity 11129K, committed 11264K, reserved 1058816K
  class space    used 1123K, capacity 1272K, committed 1280K, reserved 1048576K
}
Event: 1.018 GC heap after
{Heap after GC invocations=5 (full 0):
 garbage-first heap   total 462848K, used 65468K [0x0000000707400000, 0x0000000800000000)
  region size 1024K, 2 young (2048K), 2 survivors (2048K)
 Metaspace       used 10718K, capacity 11129K, committed 11264K, reserved 1058816K
  class space    used 1123K, capacity 1272K, committed 1280K, reserved 1048576K
}
Event: 1.176 GC heap before
{Heap before GC invocations=5 (full 0):
 garbage-first heap   total 462848K, used 93116K [0x0000000707400000, 0x0000000800000000)
  region size 1024K, 27 young (27648K), 2 survivors (2048K)
 Metaspace       used 10718K, capacity 11129K, committed 11264K, reserved 1058816K
  class space    used 1123K, capacity 1272K, committed 1280K, reserved 1048576K
}
Event: 1.208 GC heap after
{Heap after GC invocations=6 (full 0):
 garbage-first heap   total 462848K, used 90343K [0x0000000707400000, 0x0000000800000000)
  region size 1024K, 4 young (4096K), 4 survivors (4096K)
 Metaspace       used 10718K, capacity 11129K, committed 11264K, reserved 1058816K
  class space    used 1123K, capacity 1272K, committed 1280K, reserved 1048576K
}
Event: 1.390 GC heap before
{Heap before GC invocations=6 (full 0):
 garbage-first heap   total 462848K, used 122087K [0x0000000707400000, 0x0000000800000000)
  region size 1024K, 32 young (32768K), 4 survivors (4096K)
 Metaspace       used 11373K, capacity 11781K, committed 12160K, reserved 1060864K
  class space    used 1178K, capacity 1340K, committed 1408K, reserved 1048576K
}
Event: 1.445 GC heap after
{Heap after GC invocations=7 (full 0):
 garbage-first heap   total 462848K, used 120246K [0x0000000707400000, 0x0000000800000000)
  region size 1024K, 4 young (4096K), 4 survivors (4096K)
 Metaspace       used 11373K, capacity 11781K, committed 12160K, reserved 1060864K
  class space    used 1178K, capacity 1340K, committed 1408K, reserved 1048576K
}
Event: 1.556 GC heap before
{Heap before GC invocations=7 (full 0):
 garbage-first heap   total 462848K, used 142774K [0x0000000707400000, 0x0000000800000000)
  region size 1024K, 22 young (22528K), 4 survivors (4096K)
 Metaspace       used 11373K, capacity 11781K, committed 12160K, reserved 1060864K
  class space    used 1178K, capacity 1340K, committed 1408K, reserved 1048576K
}
Event: 1.605 GC heap after
{Heap after GC invocations=8 (full 0):
 garbage-first heap   total 462848K, used 142336K [0x0000000707400000, 0x0000000800000000)
  region size 1024K, 3 young (3072K), 3 survivors (3072K)
 Metaspace       used 11373K, capacity 11781K, committed 12160K, reserved 1060864K
  class space    used 1178K, capacity 1340K, committed 1408K, reserved 1048576K
}
Event: 1.816 GC heap before
{Heap before GC invocations=8 (full 0):
 garbage-first heap   total 462848K, used 188416K [0x0000000707400000, 0x0000000800000000)
  region size 1024K, 48 young (49152K), 3 survivors (3072K)
 Metaspace       used 11373K, capacity 11781K, committed 12160K, reserved 1060864K
  class space    used 1178K, capacity 1340K, committed 1408K, reserved 1048576K
}

