# JRE version: Java(TM) SE Runtime Environment (11.0.2+7) (build 11.0.2+7-LTS)
# Java VM: Java HotSpot(TM) 64-Bit Server VM (11.0.2+7-LTS, mixed mode, tiered, compressed oops, g1 gc, linux-amd64)
Heap:
 garbage-first heap   total 1296384K, used 178688K [0x0000000707400000, 0x0000000800000000)
  region size 1024K, 4 young (4096K), 4 survivors (4096K)
 Metaspace       used 11304K, capacity 11717K, committed 11904K, reserved 1060864K
  class space    used 1177K, capacity 1340K, committed 1408K, reserved 1048576K
GC Heap History (10 events):
Event: 1.401 GC heap after
{Heap after GC invocations=4 (full 0):
 garbage-first heap   total 256000K, used 54966K [0x0000000707400000, 0x0000000800000000)
  region size 1024K, 2 young (2048K), 2 survivors (2048K)
 Metaspace       used 11299K, capacity 11717K, committed 11904K, reserved 1060864K
  class space    used 1177K, capacity 1340K, committed 1408K, reserved 1048576K
}
Event: 1.457 GC heap before
{Heap before GC invocations=4 (full 0):
 garbage-first heap   total 256000K, used 66230K [0x0000000707400000, 0x0000000800000000)
  region size 1024K, 12 young (12288K), 2 survivors (2048K)
 Metaspace       used 11301K, capacity 11717K, committed 11904K, reserved 1060864K
  class space    used 1177K, capacity 1340K, committed 1408K, reserved 1048576K
}
Event: 1.491 GC heap after
{Heap after GC invocations=5 (full 0):
 garbage-first heap   total 512000K, used 66492K [0x0000000707400000, 0x0000000800000000)
  region size 1024K, 2 young (2048K), 2 survivors (2048K)
 Metaspace       used 11301K, capacity 11717K, committed 11904K, reserved 1060864K
  class space    used 1177K, capacity 1340K, committed 1408K, reserved 1048576K
}
Event: 1.682 GC heap before
{Heap before GC invocations=5 (full 0):
 garbage-first heap   total 512000K, used 95164K [0x0000000707400000, 0x0000000800000000)
  region size 1024K, 25 young (25600K), 2 survivors (2048K)
 Metaspace       used 11301K, capacity 11717K, committed 11904K, reserved 1060864K
  class space    used 1177K, capacity 1340K, committed 1408K, reserved 1048576K
}
Event: 1.746 GC heap after
{Heap after GC invocations=6 (full 0):
 garbage-first heap   total 512000K, used 94117K [0x0000000707400000, 0x0000000800000000)
  region size 1024K, 4 young (4096K), 4 survivors (4096K)
 Metaspace       used 11301K, capacity 11717K, committed 11904K, reserved 1060864K
  class space    used 1177K, capacity 1340K, committed 1408K, reserved 1048576K
}
Event: 1.869 GC heap before
{Heap before GC invocations=6 (full 0):
 garbage-first heap   total 512000K, used 115621K [0x0000000707400000, 0x0000000800000000)
  region size 1024K, 25 young (25600K), 4 survivors (4096K)
 Metaspace       used 11301K, capacity 11717K, committed 11904K, reserved 1060864K
  class space    used 1177K, capacity 1340K, committed 1408K, reserved 1048576K
}
Event: 1.915 GC heap after
{Heap after GC invocations=7 (full 0):
 garbage-first heap   total 512000K, used 116137K [0x0000000707400000, 0x0000000800000000)
  region size 1024K, 4 young (4096K), 4 survivors (4096K)
 Metaspace       used 11301K, capacity 11717K, committed 11904K, reserved 1060864K
  class space    used 1177K, capacity 1340K, committed 1408K, reserved 1048576K
}
Event: 2.038 GC heap before
{Heap before GC invocations=7 (full 0):
 garbage-first heap   total 512000K, used 145833K [0x0000000707400000, 0x0000000800000000)
  region size 1024K, 31 young (31744K), 4 survivors (4096K)
 Metaspace       used 11301K, capacity 11717K, committed 11904K, reserved 1060864K
  class space    used 1177K, capacity 1340K, committed 1408K, reserved 1048576K
}
Event: 2.104 GC heap after
{Heap after GC invocations=8 (full 0):
 garbage-first heap   total 512000K, used 145349K [0x0000000707400000, 0x0000000800000000)
  region size 1024K, 4 young (4096K), 4 survivors (4096K)
 Metaspace       used 11301K, capacity 11717K, committed 11904K, reserved 1060864K
  class space    used 1177K, capacity 1340K, committed 1408K, reserved 1048576K
}
Event: 2.293 GC heap before
{Heap before GC invocations=8 (full 0):
 garbage-first heap   total 512000K, used 179141K [0x0000000707400000, 0x0000000800000000)
  region size 1024K, 30 young (30720K), 4 survivors (4096K)
 Metaspace       used 11304K, capacity 11717K, committed 11904K, reserved 1060864K
  class space    used 1177K, capacity 1340K, committed 1408K, reserved 1048576K
}

