# JRE version: Java(TM) SE Runtime Environment (11.0.2+7) (build 11.0.2+7-LTS)
# Java VM: Java HotSpot(TM) 64-Bit Server VM (11.0.2+7-LTS, mixed mode, tiered, compressed oops, g1 gc, linux-amd64)
Heap:
 garbage-first heap   total 1152000K, used 186368K [0x0000000707400000, 0x0000000800000000)
  region size 1024K, 6 young (6144K), 6 survivors (6144K)
 Metaspace       used 11366K, capacity 11781K, committed 12160K, reserved 1060864K
  class space    used 1180K, capacity 1340K, committed 1408K, reserved 1048576K
GC Heap History (10 events):
Event: 0.999 GC heap after
{Heap after GC invocations=4 (full 0):
 garbage-first heap   total 256000K, used 52937K [0x0000000707400000, 0x0000000800000000)
  region size 1024K, 2 young (2048K), 2 survivors (2048K)
 Metaspace       used 10703K, capacity 11129K, committed 11264K, reserved 1058816K
  class space    used 1126K, capacity 1272K, committed 1280K, reserved 1048576K
}
Event: 1.066 GC heap before
{Heap before GC invocations=4 (full 0):
 garbage-first heap   total 256000K, used 66249K [0x0000000707400000, 0x0000000800000000)
  region size 1024K, 12 young (12288K), 2 survivors (2048K)
 Metaspace       used 10703K, capacity 11129K, committed 11264K, reserved 1058816K
  class space    used 1126K, capacity 1272K, committed 1280K, reserved 1048576K
}
Event: 1.085 GC heap after
{Heap after GC invocations=5 (full 0):
 garbage-first heap   total 512000K, used 65536K [0x0000000707400000, 0x0000000800000000)
  region size 1024K, 2 young (2048K), 2 survivors (2048K)
 Metaspace       used 10703K, capacity 11129K, committed 11264K, reserved 1058816K
  class space    used 1126K, capacity 1272K, committed 1280K, reserved 1048576K
}
Event: 1.256 GC heap before
{Heap before GC invocations=5 (full 0):
 garbage-first heap   total 512000K, used 93184K [0x0000000707400000, 0x0000000800000000)
  region size 1024K, 27 young (27648K), 2 survivors (2048K)
 Metaspace       used 11214K, capacity 11618K, committed 11904K, reserved 1060864K
  class space    used 1169K, capacity 1307K, committed 1408K, reserved 1048576K
}
Event: 1.291 GC heap after
{Heap after GC invocations=6 (full 0):
 garbage-first heap   total 512000K, used 91020K [0x0000000707400000, 0x0000000800000000)
  region size 1024K, 4 young (4096K), 4 survivors (4096K)
 Metaspace       used 11214K, capacity 11618K, committed 11904K, reserved 1060864K
  class space    used 1169K, capacity 1307K, committed 1408K, reserved 1048576K
}
Event: 1.478 GC heap before
{Heap before GC invocations=6 (full 0):
 garbage-first heap   total 512000K, used 122764K [0x0000000707400000, 0x0000000800000000)
  region size 1024K, 32 young (32768K), 4 survivors (4096K)
 Metaspace       used 11366K, capacity 11781K, committed 12160K, reserved 1060864K
  class space    used 1180K, capacity 1340K, committed 1408K, reserved 1048576K
}
Event: 1.518 GC heap after
{Heap after GC invocations=7 (full 0):
 garbage-first heap   total 512000K, used 120832K [0x0000000707400000, 0x0000000800000000)
  region size 1024K, 4 young (4096K), 4 survivors (4096K)
 Metaspace       used 11366K, capacity 11781K, committed 12160K, reserved 1060864K
  class space    used 1180K, capacity 1340K, committed 1408K, reserved 1048576K
}
Event: 1.666 GC heap before
{Heap before GC invocations=7 (full 0):
 garbage-first heap   total 512000K, used 147456K [0x0000000707400000, 0x0000000800000000)
  region size 1024K, 26 young (26624K), 4 survivors (4096K)
 Metaspace       used 11366K, capacity 11781K, committed 12160K, reserved 1060864K
  class space    used 1180K, capacity 1340K, committed 1408K, reserved 1048576K
}
Event: 1.702 GC heap after
{Heap after GC invocations=8 (full 0):
 garbage-first heap   total 512000K, used 146944K [0x0000000707400000, 0x0000000800000000)
  region size 1024K, 4 young (4096K), 4 survivors (4096K)
 Metaspace       used 11366K, capacity 11781K, committed 12160K, reserved 1060864K
  class space    used 1180K, capacity 1340K, committed 1408K, reserved 1048576K
}
Event: 1.879 GC heap before
{Heap before GC invocations=8 (full 0):
 garbage-first heap   total 512000K, used 187904K [0x0000000707400000, 0x0000000800000000)
  region size 1024K, 44 young (45056K), 4 survivors (4096K)
 Metaspace       used 11366K, capacity 11781K, committed 12160K, reserved 1060864K
  class space    used 1180K, capacity 1340K, committed 1408K, reserved 1048576K
}

