# JRE version: Java(TM) SE Runtime Environment (11.0.2+7) (build 11.0.2+7-LTS)
# Java VM: Java HotSpot(TM) 64-Bit Server VM (11.0.2+7-LTS, mixed mode, tiered, compressed oops, g1 gc, linux-amd64)
Heap:
 garbage-first heap   total 1169408K, used 186880K [0x0000000707400000, 0x0000000800000000)
  region size 1024K, 6 young (6144K), 6 survivors (6144K)
 Metaspace       used 11389K, capacity 11772K, committed 11904K, reserved 1060864K
  class space    used 1177K, capacity 1337K, committed 1408K, reserved 1048576K
GC Heap History (10 events):
Event: 1.186 GC heap after
{Heap after GC invocations=4 (full 0):
 garbage-first heap   total 256000K, used 45642K [0x0000000707400000, 0x0000000800000000)
  region size 1024K, 2 young (2048K), 2 survivors (2048K)
 Metaspace       used 10759K, capacity 11184K, committed 11264K, reserved 1058816K
  class space    used 1123K, capacity 1269K, committed 1280K, reserved 1048576K
}
Event: 1.511 GC heap before
{Heap before GC invocations=4 (full 0):
 garbage-first heap   total 256000K, used 75338K [0x0000000707400000, 0x0000000800000000)
  region size 1024K, 27 young (27648K), 2 survivors (2048K)
 Metaspace       used 11383K, capacity 11772K, committed 11904K, reserved 1060864K
  class space    used 1177K, capacity 1337K, committed 1408K, reserved 1048576K
}
Event: 1.551 GC heap after
{Heap after GC invocations=5 (full 0):
 garbage-first heap   total 492544K, used 69151K [0x0000000707400000, 0x0000000800000000)
  region size 1024K, 4 young (4096K), 4 survivors (4096K)
 Metaspace       used 11383K, capacity 11772K, committed 11904K, reserved 1060864K
  class space    used 1177K, capacity 1337K, committed 1408K, reserved 1048576K
}
Event: 1.763 GC heap before
{Heap before GC invocations=5 (full 0):
 garbage-first heap   total 492544K, used 93727K [0x0000000707400000, 0x0000000800000000)
  region size 1024K, 28 young (28672K), 4 survivors (4096K)
 Metaspace       used 11385K, capacity 11772K, committed 11904K, reserved 1060864K
  class space    used 1177K, capacity 1337K, committed 1408K, reserved 1048576K
}
Event: 1.834 GC heap after
{Heap after GC invocations=6 (full 0):
 garbage-first heap   total 492544K, used 89820K [0x0000000707400000, 0x0000000800000000)
  region size 1024K, 4 young (4096K), 4 survivors (4096K)
 Metaspace       used 11385K, capacity 11772K, committed 11904K, reserved 1060864K
  class space    used 1177K, capacity 1337K, committed 1408K, reserved 1048576K
}
Event: 2.071 GC heap before
{Heap before GC invocations=6 (full 0):
 garbage-first heap   total 492544K, used 119516K [0x0000000707400000, 0x0000000800000000)
  region size 1024K, 30 young (30720K), 4 survivors (4096K)
 Metaspace       used 11385K, capacity 11772K, committed 11904K, reserved 1060864K
  class space    used 1177K, capacity 1337K, committed 1408K, reserved 1048576K
}
Event: 2.119 GC heap after
{Heap after GC invocations=7 (full 0):
 garbage-first heap   total 492544K, used 114688K [0x0000000707400000, 0x0000000800000000)
  region size 1024K, 4 young (4096K), 4 survivors (4096K)
 Metaspace       used 11385K, capacity 11772K, committed 11904K, reserved 1060864K
  class space    used 1177K, capacity 1337K, committed 1408K, reserved 1048576K
}
Event: 2.388 GC heap before
{Heap before GC invocations=7 (full 0):
 garbage-first heap   total 492544K, used 154624K [0x0000000707400000, 0x0000000800000000)
  region size 1024K, 40 young (40960K), 4 survivors (4096K)
 Metaspace       used 11389K, capacity 11772K, committed 11904K, reserved 1060864K
  class space    used 1177K, capacity 1337K, committed 1408K, reserved 1048576K
}
Event: 2.432 GC heap after
{Heap after GC invocations=8 (full 0):
 garbage-first heap   total 492544K, used 147947K [0x0000000707400000, 0x0000000800000000)
  region size 1024K, 5 young (5120K), 5 survivors (5120K)
 Metaspace       used 11389K, capacity 11772K, committed 11904K, reserved 1060864K
  class space    used 1177K, capacity 1337K, committed 1408K, reserved 1048576K
}
Event: 2.695 GC heap before
{Heap before GC invocations=8 (full 0):
 garbage-first heap   total 492544K, used 194027K [0x0000000707400000, 0x0000000800000000)
  region size 1024K, 48 young (49152K), 5 survivors (5120K)
 Metaspace       used 11389K, capacity 11772K, committed 11904K, reserved 1060864K
  class space    used 1177K, capacity 1337K, committed 1408K, reserved 1048576K
}

