# JRE version: Java(TM) SE Runtime Environment (11.0.2+7) (build 11.0.2+7-LTS)
# Java VM: Java HotSpot(TM) 64-Bit Server VM (11.0.2+7-LTS, mixed mode, tiered, compressed oops, g1 gc, linux-amd64)
Heap:
 garbage-first heap   total 1274880K, used 179712K [0x0000000707400000, 0x0000000800000000)
  region size 1024K, 5 young (5120K), 5 survivors (5120K)
 Metaspace       used 11328K, capacity 11781K, committed 12160K, reserved 1060864K
  class space    used 1178K, capacity 1340K, committed 1408K, reserved 1048576K
GC Heap History (10 events):
Event: 1.069 GC heap after
{Heap after GC invocations=4 (full 0):
 garbage-first heap   total 256000K, used 52588K [0x0000000707400000, 0x0000000800000000)
  region size 1024K, 2 young (2048K), 2 survivors (2048K)
 Metaspace       used 10681K, capacity 11129K, committed 11264K, reserved 1058816K
  class space    used 1123K, capacity 1272K, committed 1280K, reserved 1048576K
}
Event: 1.128 GC heap before
{Heap before GC invocations=4 (full 0):
 garbage-first heap   total 256000K, used 65900K [0x0000000707400000, 0x0000000800000000)
  region size 1024K, 12 young (12288K), 2 survivors (2048K)
 Metaspace       used 10681K, capacity 11129K, committed 11264K, reserved 1058816K
  class space    used 1123K, capacity 1272K, committed 1280K, reserved 1048576K
}
Event: 1.153 GC heap after
{Heap after GC invocations=5 (full 0):
 garbage-first heap   total 512000K, used 65454K [0x0000000707400000, 0x0000000800000000)
  region size 1024K, 2 young (2048K), 2 survivors (2048K)
 Metaspace       used 10681K, capacity 11129K, committed 11264K, reserved 1058816K
  class space    used 1123K, capacity 1272K, committed 1280K, reserved 1048576K
}
Event: 1.290 GC heap before
{Heap before GC invocations=5 (full 0):
 garbage-first heap   total 512000K, used 91054K [0x0000000707400000, 0x0000000800000000)
  region size 1024K, 25 young (25600K), 2 survivors (2048K)
 Metaspace       used 11328K, capacity 11781K, committed 12160K, reserved 1060864K
  class space    used 1178K, capacity 1340K, committed 1408K, reserved 1048576K
}
Event: 1.327 GC heap after
{Heap after GC invocations=6 (full 0):
 garbage-first heap   total 512000K, used 88983K [0x0000000707400000, 0x0000000800000000)
  region size 1024K, 4 young (4096K), 4 survivors (4096K)
 Metaspace       used 11328K, capacity 11781K, committed 12160K, reserved 1060864K
  class space    used 1178K, capacity 1340K, committed 1408K, reserved 1048576K
}
Event: 1.556 GC heap before
{Heap before GC invocations=6 (full 0):
 garbage-first heap   total 512000K, used 129943K [0x0000000707400000, 0x0000000800000000)
  region size 1024K, 39 young (39936K), 4 survivors (4096K)
 Metaspace       used 11328K, capacity 11781K, committed 12160K, reserved 1060864K
  class space    used 1178K, capacity 1340K, committed 1408K, reserved 1048576K
}
Event: 1.623 GC heap after
{Heap after GC invocations=7 (full 0):
 garbage-first heap   total 512000K, used 126976K [0x0000000707400000, 0x0000000800000000)
  region size 1024K, 5 young (5120K), 5 survivors (5120K)
 Metaspace       used 11328K, capacity 11781K, committed 12160K, reserved 1060864K
  class space    used 1178K, capacity 1340K, committed 1408K, reserved 1048576K
}
Event: 1.736 GC heap before
{Heap before GC invocations=7 (full 0):
 garbage-first heap   total 512000K, used 149504K [0x0000000707400000, 0x0000000800000000)
  region size 1024K, 25 young (25600K), 5 survivors (5120K)
 Metaspace       used 11328K, capacity 11781K, committed 12160K, reserved 1060864K
  class space    used 1178K, capacity 1340K, committed 1408K, reserved 1048576K
}
Event: 1.773 GC heap after
{Heap after GC invocations=8 (full 0):
 garbage-first heap   total 512000K, used 149504K [0x0000000707400000, 0x0000000800000000)
  region size 1024K, 4 young (4096K), 4 survivors (4096K)
 Metaspace       used 11328K, capacity 11781K, committed 12160K, reserved 1060864K
  class space    used 1178K, capacity 1340K, committed 1408K, reserved 1048576K
}
Event: 1.895 GC heap before
{Heap before GC invocations=8 (full 0):
 garbage-first heap   total 512000K, used 180224K [0x0000000707400000, 0x0000000800000000)
  region size 1024K, 34 young (34816K), 4 survivors (4096K)
 Metaspace       used 11328K, capacity 11781K, committed 12160K, reserved 1060864K
  class space    used 1178K, capacity 1340K, committed 1408K, reserved 1048576K
}

