# JRE version: Java(TM) SE Runtime Environment (11.0.2+7) (build 11.0.2+7-LTS)
# Java VM: Java HotSpot(TM) 64-Bit Server VM (11.0.2+7-LTS, mixed mode, tiered, compressed oops, g1 gc, linux-amd64)
Heap:
 garbage-first heap   total 1446912K, used 180736K [0x0000000707400000, 0x0000000800000000)
  region size 1024K, 4 young (4096K), 4 survivors (4096K)
 Metaspace       used 11348K, capacity 11781K, committed 11904K, reserved 1060864K
  class space    used 1179K, capacity 1340K, committed 1408K, reserved 1048576K
GC Heap History (10 events):
Event: 0.948 GC heap after
{Heap after GC invocations=4 (full 0):
 garbage-first heap   total 256000K, used 57035K [0x0000000707400000, 0x0000000800000000)
  region size 1024K, 2 young (2048K), 2 survivors (2048K)
 Metaspace       used 10707K, capacity 11129K, committed 11264K, reserved 1058816K
  class space    used 1125K, capacity 1272K, committed 1280K, reserved 1048576K
}
Event: 1.010 GC heap before
{Heap before GC invocations=4 (full 0):
 garbage-first heap   total 256000K, used 68299K [0x0000000707400000, 0x0000000800000000)
  region size 1024K, 12 young (12288K), 2 survivors (2048K)
 Metaspace       used 10707K, capacity 11129K, committed 11264K, reserved 1058816K
  class space    used 1125K, capacity 1272K, committed 1280K, reserved 1048576K
}
Event: 1.030 GC heap after
{Heap after GC invocations=5 (full 0):
 garbage-first heap   total 512000K, used 68231K [0x0000000707400000, 0x0000000800000000)
  region size 1024K, 2 young (2048K), 2 survivors (2048K)
 Metaspace       used 10707K, capacity 11129K, committed 11264K, reserved 1058816K
  class space    used 1125K, capacity 1272K, committed 1280K, reserved 1048576K
}
Event: 1.175 GC heap before
{Heap before GC invocations=5 (full 0):
 garbage-first heap   total 512000K, used 96903K [0x0000000707400000, 0x0000000800000000)
  region size 1024K, 25 young (25600K), 2 survivors (2048K)
 Metaspace       used 10707K, capacity 11129K, committed 11264K, reserved 1058816K
  class space    used 1125K, capacity 1272K, committed 1280K, reserved 1048576K
}
Event: 1.223 GC heap after
{Heap after GC invocations=6 (full 0):
 garbage-first heap   total 512000K, used 95153K [0x0000000707400000, 0x0000000800000000)
  region size 1024K, 4 young (4096K), 4 survivors (4096K)
 Metaspace       used 10707K, capacity 11129K, committed 11264K, reserved 1058816K
  class space    used 1125K, capacity 1272K, committed 1280K, reserved 1048576K
}
Event: 1.326 GC heap before
{Heap before GC invocations=6 (full 0):
 garbage-first heap   total 512000K, used 116657K [0x0000000707400000, 0x0000000800000000)
  region size 1024K, 25 young (25600K), 4 survivors (4096K)
 Metaspace       used 11345K, capacity 11781K, committed 11904K, reserved 1060864K
  class space    used 1179K, capacity 1340K, committed 1408K, reserved 1048576K
}
Event: 1.365 GC heap after
{Heap after GC invocations=7 (full 0):
 garbage-first heap   total 512000K, used 116129K [0x0000000707400000, 0x0000000800000000)
  region size 1024K, 4 young (4096K), 4 survivors (4096K)
 Metaspace       used 11345K, capacity 11781K, committed 11904K, reserved 1060864K
  class space    used 1179K, capacity 1340K, committed 1408K, reserved 1048576K
}
Event: 1.530 GC heap before
{Heap before GC invocations=7 (full 0):
 garbage-first heap   total 512000K, used 147873K [0x0000000707400000, 0x0000000800000000)
  region size 1024K, 31 young (31744K), 4 survivors (4096K)
 Metaspace       used 11345K, capacity 11781K, committed 11904K, reserved 1060864K
  class space    used 1179K, capacity 1340K, committed 1408K, reserved 1048576K
}
Event: 1.605 GC heap after
{Heap after GC invocations=8 (full 0):
 garbage-first heap   total 512000K, used 147362K [0x0000000707400000, 0x0000000800000000)
  region size 1024K, 4 young (4096K), 4 survivors (4096K)
 Metaspace       used 11345K, capacity 11781K, committed 11904K, reserved 1060864K
  class space    used 1179K, capacity 1340K, committed 1408K, reserved 1048576K
}
Event: 1.848 GC heap before
{Heap before GC invocations=8 (full 0):
 garbage-first heap   total 512000K, used 181154K [0x0000000707400000, 0x0000000800000000)
  region size 1024K, 32 young (32768K), 4 survivors (4096K)
 Metaspace       used 11348K, capacity 11781K, committed 11904K, reserved 1060864K
  class space    used 1179K, capacity 1340K, committed 1408K, reserved 1048576K
}

