# JRE version: Java(TM) SE Runtime Environment (11.0.2+7) (build 11.0.2+7-LTS)
# Java VM: Java HotSpot(TM) 64-Bit Server VM (11.0.2+7-LTS, mixed mode, tiered, compressed oops, g1 gc, linux-amd64)
Heap:
 garbage-first heap   total 1340416K, used 191488K [0x0000000707400000, 0x0000000800000000)
  region size 1024K, 7 young (7168K), 7 survivors (7168K)
 Metaspace       used 11322K, capacity 11781K, committed 12160K, reserved 1060864K
  class space    used 1179K, capacity 1340K, committed 1408K, reserved 1048576K
GC Heap History (10 events):
Event: 0.944 GC heap after
{Heap after GC invocations=4 (full 0):
 garbage-first heap   total 256000K, used 52224K [0x0000000707400000, 0x0000000800000000)
  region size 1024K, 2 young (2048K), 2 survivors (2048K)
 Metaspace       used 10681K, capacity 11129K, committed 11264K, reserved 1058816K
  class space    used 1125K, capacity 1272K, committed 1280K, reserved 1048576K
}
Event: 0.998 GC heap before
{Heap before GC invocations=4 (full 0):
 garbage-first heap   total 256000K, used 65536K [0x0000000707400000, 0x0000000800000000)
  region size 1024K, 12 young (12288K), 2 survivors (2048K)
 Metaspace       used 10681K, capacity 11129K, committed 11264K, reserved 1058816K
  class space    used 1125K, capacity 1272K, committed 1280K, reserved 1048576K
}
Event: 1.021 GC heap after
{Heap after GC invocations=5 (full 0):
 garbage-first heap   total 512000K, used 65143K [0x0000000707400000, 0x0000000800000000)
  region size 1024K, 2 young (2048K), 2 survivors (2048K)
 Metaspace       used 10681K, capacity 11129K, committed 11264K, reserved 1058816K
  class space    used 1125K, capacity 1272K, committed 1280K, reserved 1048576K
}
Event: 1.161 GC heap before
{Heap before GC invocations=5 (full 0):
 garbage-first heap   total 512000K, used 92791K [0x0000000707400000, 0x0000000800000000)
  region size 1024K, 27 young (27648K), 2 survivors (2048K)
 Metaspace       used 10681K, capacity 11129K, committed 11264K, reserved 1058816K
  class space    used 1125K, capacity 1272K, committed 1280K, reserved 1048576K
}
Event: 1.203 GC heap after
{Heap after GC invocations=6 (full 0):
 garbage-first heap   total 512000K, used 90573K [0x0000000707400000, 0x0000000800000000)
  region size 1024K, 4 young (4096K), 4 survivors (4096K)
 Metaspace       used 10681K, capacity 11129K, committed 11264K, reserved 1058816K
  class space    used 1125K, capacity 1272K, committed 1280K, reserved 1048576K
}
Event: 1.331 GC heap before
{Heap before GC invocations=6 (full 0):
 garbage-first heap   total 512000K, used 112077K [0x0000000707400000, 0x0000000800000000)
  region size 1024K, 25 young (25600K), 4 survivors (4096K)
 Metaspace       used 11322K, capacity 11781K, committed 12160K, reserved 1060864K
  class space    used 1179K, capacity 1340K, committed 1408K, reserved 1048576K
}
Event: 1.377 GC heap after
{Heap after GC invocations=7 (full 0):
 garbage-first heap   total 512000K, used 110447K [0x0000000707400000, 0x0000000800000000)
  region size 1024K, 4 young (4096K), 4 survivors (4096K)
 Metaspace       used 11322K, capacity 11781K, committed 12160K, reserved 1060864K
  class space    used 1179K, capacity 1340K, committed 1408K, reserved 1048576K
}
Event: 1.576 GC heap before
{Heap before GC invocations=7 (full 0):
 garbage-first heap   total 512000K, used 142191K [0x0000000707400000, 0x0000000800000000)
  region size 1024K, 30 young (30720K), 4 survivors (4096K)
 Metaspace       used 11322K, capacity 11781K, committed 12160K, reserved 1060864K
  class space    used 1179K, capacity 1340K, committed 1408K, reserved 1048576K
}
Event: 1.625 GC heap after
{Heap after GC invocations=8 (full 0):
 garbage-first heap   total 512000K, used 140288K [0x0000000707400000, 0x0000000800000000)
  region size 1024K, 4 young (4096K), 4 survivors (4096K)
 Metaspace       used 11322K, capacity 11781K, committed 12160K, reserved 1060864K
  class space    used 1179K, capacity 1340K, committed 1408K, reserved 1048576K
}
Event: 1.852 GC heap before
{Heap before GC invocations=8 (full 0):
 garbage-first heap   total 512000K, used 194560K [0x0000000707400000, 0x0000000800000000)
  region size 1024K, 53 young (54272K), 4 survivors (4096K)
 Metaspace       used 11322K, capacity 11781K, committed 12160K, reserved 1060864K
  class space    used 1179K, capacity 1340K, committed 1408K, reserved 1048576K
}

