# JRE version: Java(TM) SE Runtime Environment (11.0.2+7) (build 11.0.2+7-LTS)
# Java VM: Java HotSpot(TM) 64-Bit Server VM (11.0.2+7-LTS, mixed mode, tiered, compressed oops, g1 gc, linux-amd64)
Heap:
 garbage-first heap   total 868352K, used 133021K [0x0000000707400000, 0x0000000800000000)
  region size 1024K, 6 young (6144K), 6 survivors (6144K)
 Metaspace       used 11375K, capacity 11781K, committed 12160K, reserved 1060864K
  class space    used 1180K, capacity 1340K, committed 1408K, reserved 1048576K
GC Heap History (10 events):
Event: 1.312 GC heap after
{Heap after GC invocations=4 (full 0):
 garbage-first heap   total 256000K, used 26624K [0x0000000707400000, 0x0000000800000000)
  region size 1024K, 2 young (2048K), 2 survivors (2048K)
 Metaspace       used 11372K, capacity 11781K, committed 12160K, reserved 1060864K
  class space    used 1180K, capacity 1340K, committed 1408K, reserved 1048576K
}
Event: 1.601 GC heap before
{Heap before GC invocations=4 (full 0):
 garbage-first heap   total 256000K, used 48128K [0x0000000707400000, 0x0000000800000000)
  region size 1024K, 22 young (22528K), 2 survivors (2048K)
 Metaspace       used 11372K, capacity 11781K, committed 12160K, reserved 1060864K
  class space    used 1180K, capacity 1340K, committed 1408K, reserved 1048576K
}
Event: 1.638 GC heap after
{Heap after GC invocations=5 (full 0):
 garbage-first heap   total 434176K, used 39849K [0x0000000707400000, 0x0000000800000000)
  region size 1024K, 3 young (3072K), 3 survivors (3072K)
 Metaspace       used 11372K, capacity 11781K, committed 12160K, reserved 1060864K
  class space    used 1180K, capacity 1340K, committed 1408K, reserved 1048576K
}
Event: 2.032 GC heap before
{Heap before GC invocations=5 (full 0):
 garbage-first heap   total 434176K, used 71593K [0x0000000707400000, 0x0000000800000000)
  region size 1024K, 31 young (31744K), 3 survivors (3072K)
 Metaspace       used 11373K, capacity 11781K, committed 12160K, reserved 1060864K
  class space    used 1180K, capacity 1340K, committed 1408K, reserved 1048576K
}
Event: 2.069 GC heap after
{Heap after GC invocations=6 (full 0):
 garbage-first heap   total 434176K, used 59846K [0x0000000707400000, 0x0000000800000000)
  region size 1024K, 4 young (4096K), 4 survivors (4096K)
 Metaspace       used 11373K, capacity 11781K, committed 12160K, reserved 1060864K
  class space    used 1180K, capacity 1340K, committed 1408K, reserved 1048576K
}
Event: 2.449 GC heap before
{Heap before GC invocations=6 (full 0):
 garbage-first heap   total 434176K, used 93638K [0x0000000707400000, 0x0000000800000000)
  region size 1024K, 36 young (36864K), 4 survivors (4096K)
 Metaspace       used 11373K, capacity 11781K, committed 12160K, reserved 1060864K
  class space    used 1180K, capacity 1340K, committed 1408K, reserved 1048576K
}
Event: 2.476 GC heap after
{Heap after GC invocations=7 (full 0):
 garbage-first heap   total 434176K, used 80200K [0x0000000707400000, 0x0000000800000000)
  region size 1024K, 5 young (5120K), 5 survivors (5120K)
 Metaspace       used 11373K, capacity 11781K, committed 12160K, reserved 1060864K
  class space    used 1180K, capacity 1340K, committed 1408K, reserved 1048576K
}
Event: 2.894 GC heap before
{Heap before GC invocations=7 (full 0):
 garbage-first heap   total 434176K, used 116040K [0x0000000707400000, 0x0000000800000000)
  region size 1024K, 39 young (39936K), 5 survivors (5120K)
 Metaspace       used 11373K, capacity 11781K, committed 12160K, reserved 1060864K
  class space    used 1180K, capacity 1340K, committed 1408K, reserved 1048576K
}
Event: 2.923 GC heap after
{Heap after GC invocations=8 (full 0):
 garbage-first heap   total 434176K, used 102400K [0x0000000707400000, 0x0000000800000000)
  region size 1024K, 5 young (5120K), 5 survivors (5120K)
 Metaspace       used 11373K, capacity 11781K, committed 12160K, reserved 1060864K
  class space    used 1180K, capacity 1340K, committed 1408K, reserved 1048576K
}
Event: 3.470 GC heap before
{Heap before GC invocations=8 (full 0):
 garbage-first heap   total 434176K, used 149504K [0x0000000707400000, 0x0000000800000000)
  region size 1024K, 46 young (47104K), 5 survivors (5120K)
 Metaspace       used 11375K, capacity 11781K, committed 12160K, reserved 1060864K
  class space    used 1180K, capacity 1340K, committed 1408K, reserved 1048576K
}

