# JRE version: Java(TM) SE Runtime Environment (11.0.2+7) (build 11.0.2+7-LTS)
# Java VM: Java HotSpot(TM) 64-Bit Server VM (11.0.2+7-LTS, mixed mode, tiered, compressed oops, g1 gc, linux-amd64)
Heap:
 garbage-first heap   total 1178624K, used 190976K [0x0000000707400000, 0x0000000800000000)
  region size 1024K, 6 young (6144K), 6 survivors (6144K)
 Metaspace       used 11349K, capacity 11781K, committed 12160K, reserved 1060864K
  class space    used 1180K, capacity 1340K, committed 1408K, reserved 1048576K
GC Heap History (10 events):
Event: 0.994 GC heap after
{Heap after GC invocations=4 (full 0):
 garbage-first heap   total 256000K, used 52224K [0x0000000707400000, 0x0000000800000000)
  region size 1024K, 2 young (2048K), 2 survivors (2048K)
 Metaspace       used 10706K, capacity 11129K, committed 11264K, reserved 1058816K
  class space    used 1125K, capacity 1272K, committed 1280K, reserved 1048576K
}
Event: 1.048 GC heap before
{Heap before GC invocations=4 (full 0):
 garbage-first heap   total 256000K, used 65536K [0x0000000707400000, 0x0000000800000000)
  region size 1024K, 12 young (12288K), 2 survivors (2048K)
 Metaspace       used 10706K, capacity 11129K, committed 11264K, reserved 1058816K
  class space    used 1125K, capacity 1272K, committed 1280K, reserved 1048576K
}
Event: 1.067 GC heap after
{Heap after GC invocations=5 (full 0):
 garbage-first heap   total 512000K, used 65137K [0x0000000707400000, 0x0000000800000000)
  region size 1024K, 2 young (2048K), 2 survivors (2048K)
 Metaspace       used 10706K, capacity 11129K, committed 11264K, reserved 1058816K
  class space    used 1125K, capacity 1272K, committed 1280K, reserved 1048576K
}
Event: 1.211 GC heap before
{Heap before GC invocations=5 (full 0):
 garbage-first heap   total 512000K, used 93809K [0x0000000707400000, 0x0000000800000000)
  region size 1024K, 28 young (28672K), 2 survivors (2048K)
 Metaspace       used 10706K, capacity 11129K, committed 11264K, reserved 1058816K
  class space    used 1125K, capacity 1272K, committed 1280K, reserved 1048576K
}
Event: 1.248 GC heap after
{Heap after GC invocations=6 (full 0):
 garbage-first heap   total 512000K, used 91588K [0x0000000707400000, 0x0000000800000000)
  region size 1024K, 4 young (4096K), 4 survivors (4096K)
 Metaspace       used 10706K, capacity 11129K, committed 11264K, reserved 1058816K
  class space    used 1125K, capacity 1272K, committed 1280K, reserved 1048576K
}
Event: 1.440 GC heap before
{Heap before GC invocations=6 (full 0):
 garbage-first heap   total 512000K, used 121284K [0x0000000707400000, 0x0000000800000000)
  region size 1024K, 30 young (30720K), 4 survivors (4096K)
 Metaspace       used 11349K, capacity 11781K, committed 12160K, reserved 1060864K
  class space    used 1180K, capacity 1340K, committed 1408K, reserved 1048576K
}
Event: 1.481 GC heap after
{Heap after GC invocations=7 (full 0):
 garbage-first heap   total 512000K, used 119711K [0x0000000707400000, 0x0000000800000000)
  region size 1024K, 4 young (4096K), 4 survivors (4096K)
 Metaspace       used 11349K, capacity 11781K, committed 12160K, reserved 1060864K
  class space    used 1180K, capacity 1340K, committed 1408K, reserved 1048576K
}
Event: 1.605 GC heap before
{Heap before GC invocations=7 (full 0):
 garbage-first heap   total 512000K, used 148383K [0x0000000707400000, 0x0000000800000000)
  region size 1024K, 28 young (28672K), 4 survivors (4096K)
 Metaspace       used 11349K, capacity 11781K, committed 12160K, reserved 1060864K
  class space    used 1180K, capacity 1340K, committed 1408K, reserved 1048576K
}
Event: 1.640 GC heap after
{Heap after GC invocations=8 (full 0):
 garbage-first heap   total 512000K, used 147968K [0x0000000707400000, 0x0000000800000000)
  region size 1024K, 4 young (4096K), 4 survivors (4096K)
 Metaspace       used 11349K, capacity 11781K, committed 12160K, reserved 1060864K
  class space    used 1180K, capacity 1340K, committed 1408K, reserved 1048576K
}
Event: 1.818 GC heap before
{Heap before GC invocations=8 (full 0):
 garbage-first heap   total 512000K, used 194048K [0x0000000707400000, 0x0000000800000000)
  region size 1024K, 47 young (48128K), 4 survivors (4096K)
 Metaspace       used 11349K, capacity 11781K, committed 12160K, reserved 1060864K
  class space    used 1180K, capacity 1340K, committed 1408K, reserved 1048576K
}

