# JRE version: Java(TM) SE Runtime Environment (11.0.2+7) (build 11.0.2+7-LTS)
# Java VM: Java HotSpot(TM) 64-Bit Server VM (11.0.2+7-LTS, mixed mode, tiered, compressed oops, g1 gc, linux-amd64)
Heap:
 garbage-first heap   total 1308672K, used 180736K [0x0000000707400000, 0x0000000800000000)
  region size 1024K, 5 young (5120K), 5 survivors (5120K)
 Metaspace       used 11346K, capacity 11781K, committed 12160K, reserved 1060864K
  class space    used 1179K, capacity 1340K, committed 1408K, reserved 1048576K
GC Heap History (10 events):
Event: 0.978 GC heap after
{Heap after GC invocations=4 (full 0):
 garbage-first heap   total 256000K, used 52224K [0x0000000707400000, 0x0000000800000000)
  region size 1024K, 2 young (2048K), 2 survivors (2048K)
 Metaspace       used 10710K, capacity 11129K, committed 11264K, reserved 1058816K
  class space    used 1125K, capacity 1272K, committed 1280K, reserved 1048576K
}
Event: 1.029 GC heap before
{Heap before GC invocations=4 (full 0):
 garbage-first heap   total 256000K, used 65536K [0x0000000707400000, 0x0000000800000000)
  region size 1024K, 12 young (12288K), 2 survivors (2048K)
 Metaspace       used 10710K, capacity 11129K, committed 11264K, reserved 1058816K
  class space    used 1125K, capacity 1272K, committed 1280K, reserved 1048576K
}
Event: 1.048 GC heap after
{Heap after GC invocations=5 (full 0):
 garbage-first heap   total 512000K, used 64829K [0x0000000707400000, 0x0000000800000000)
  region size 1024K, 2 young (2048K), 2 survivors (2048K)
 Metaspace       used 10710K, capacity 11129K, committed 11264K, reserved 1058816K
  class space    used 1125K, capacity 1272K, committed 1280K, reserved 1048576K
}
Event: 1.202 GC heap before
{Heap before GC invocations=5 (full 0):
 garbage-first heap   total 512000K, used 92477K [0x0000000707400000, 0x0000000800000000)
  region size 1024K, 27 young (27648K), 2 survivors (2048K)
 Metaspace       used 10710K, capacity 11129K, committed 11264K, reserved 1058816K
  class space    used 1125K, capacity 1272K, committed 1280K, reserved 1048576K
}
Event: 1.242 GC heap after
{Heap after GC invocations=6 (full 0):
 garbage-first heap   total 512000K, used 90566K [0x0000000707400000, 0x0000000800000000)
  region size 1024K, 4 young (4096K), 4 survivors (4096K)
 Metaspace       used 10710K, capacity 11129K, committed 11264K, reserved 1058816K
  class space    used 1125K, capacity 1272K, committed 1280K, reserved 1048576K
}
Event: 1.440 GC heap before
{Heap before GC invocations=6 (full 0):
 garbage-first heap   total 512000K, used 121286K [0x0000000707400000, 0x0000000800000000)
  region size 1024K, 31 young (31744K), 4 survivors (4096K)
 Metaspace       used 11346K, capacity 11781K, committed 12160K, reserved 1060864K
  class space    used 1179K, capacity 1340K, committed 1408K, reserved 1048576K
}
Event: 1.491 GC heap after
{Heap after GC invocations=7 (full 0):
 garbage-first heap   total 512000K, used 119808K [0x0000000707400000, 0x0000000800000000)
  region size 1024K, 4 young (4096K), 4 survivors (4096K)
 Metaspace       used 11346K, capacity 11781K, committed 12160K, reserved 1060864K
  class space    used 1179K, capacity 1340K, committed 1408K, reserved 1048576K
}
Event: 1.635 GC heap before
{Heap before GC invocations=7 (full 0):
 garbage-first heap   total 512000K, used 147456K [0x0000000707400000, 0x0000000800000000)
  region size 1024K, 27 young (27648K), 4 survivors (4096K)
 Metaspace       used 11346K, capacity 11781K, committed 12160K, reserved 1060864K
  class space    used 1179K, capacity 1340K, committed 1408K, reserved 1048576K
}
Event: 1.686 GC heap after
{Heap after GC invocations=8 (full 0):
 garbage-first heap   total 512000K, used 146432K [0x0000000707400000, 0x0000000800000000)
  region size 1024K, 4 young (4096K), 4 survivors (4096K)
 Metaspace       used 11346K, capacity 11781K, committed 12160K, reserved 1060864K
  class space    used 1179K, capacity 1340K, committed 1408K, reserved 1048576K
}
Event: 1.856 GC heap before
{Heap before GC invocations=8 (full 0):
 garbage-first heap   total 512000K, used 182272K [0x0000000707400000, 0x0000000800000000)
  region size 1024K, 39 young (39936K), 4 survivors (4096K)
 Metaspace       used 11346K, capacity 11781K, committed 12160K, reserved 1060864K
  class space    used 1179K, capacity 1340K, committed 1408K, reserved 1048576K
}

