# JRE version: Java(TM) SE Runtime Environment (11.0.2+7) (build 11.0.2+7-LTS)
# Java VM: Java HotSpot(TM) 64-Bit Server VM (11.0.2+7-LTS, mixed mode, tiered, compressed oops, g1 gc, linux-amd64)
Heap:
 garbage-first heap   total 1272832K, used 189419K [0x0000000707400000, 0x0000000800000000)
  region size 1024K, 7 young (7168K), 7 survivors (7168K)
 Metaspace       used 11382K, capacity 11781K, committed 12160K, reserved 1060864K
  class space    used 1179K, capacity 1340K, committed 1408K, reserved 1048576K
GC Heap History (10 events):
Event: 0.942 GC heap after
{Heap after GC invocations=4 (full 0):
 garbage-first heap   total 256000K, used 52583K [0x0000000707400000, 0x0000000800000000)
  region size 1024K, 2 young (2048K), 2 survivors (2048K)
 Metaspace       used 10738K, capacity 11129K, committed 11264K, reserved 1058816K
  class space    used 1125K, capacity 1272K, committed 1280K, reserved 1048576K
}
Event: 1.001 GC heap before
{Heap before GC invocations=4 (full 0):
 garbage-first heap   total 256000K, used 65895K [0x0000000707400000, 0x0000000800000000)
  region size 1024K, 12 young (12288K), 2 survivors (2048K)
 Metaspace       used 10738K, capacity 11129K, committed 11264K, reserved 1058816K
  class space    used 1125K, capacity 1272K, committed 1280K, reserved 1048576K
}
Event: 1.019 GC heap after
{Heap after GC invocations=5 (full 0):
 garbage-first heap   total 508928K, used 65464K [0x0000000707400000, 0x0000000800000000)
  region size 1024K, 2 young (2048K), 2 survivors (2048K)
 Metaspace       used 10738K, capacity 11129K, committed 11264K, reserved 1058816K
  class space    used 1125K, capacity 1272K, committed 1280K, reserved 1048576K
}
Event: 1.167 GC heap before
{Heap before GC invocations=5 (full 0):
 garbage-first heap   total 508928K, used 93112K [0x0000000707400000, 0x0000000800000000)
  region size 1024K, 27 young (27648K), 2 survivors (2048K)
 Metaspace       used 10738K, capacity 11129K, committed 11264K, reserved 1058816K
  class space    used 1125K, capacity 1272K, committed 1280K, reserved 1048576K
}
Event: 1.209 GC heap after
{Heap after GC invocations=6 (full 0):
 garbage-first heap   total 508928K, used 90342K [0x0000000707400000, 0x0000000800000000)
  region size 1024K, 4 young (4096K), 4 survivors (4096K)
 Metaspace       used 10738K, capacity 11129K, committed 11264K, reserved 1058816K
  class space    used 1125K, capacity 1272K, committed 1280K, reserved 1048576K
}
Event: 1.388 GC heap before
{Heap before GC invocations=6 (full 0):
 garbage-first heap   total 508928K, used 121062K [0x0000000707400000, 0x0000000800000000)
  region size 1024K, 31 young (31744K), 4 survivors (4096K)
 Metaspace       used 11382K, capacity 11781K, committed 12160K, reserved 1060864K
  class space    used 1179K, capacity 1340K, committed 1408K, reserved 1048576K
}
Event: 1.436 GC heap after
{Heap after GC invocations=7 (full 0):
 garbage-first heap   total 508928K, used 118784K [0x0000000707400000, 0x0000000800000000)
  region size 1024K, 4 young (4096K), 4 survivors (4096K)
 Metaspace       used 11382K, capacity 11781K, committed 12160K, reserved 1060864K
  class space    used 1179K, capacity 1340K, committed 1408K, reserved 1048576K
}
Event: 1.551 GC heap before
{Heap before GC invocations=7 (full 0):
 garbage-first heap   total 508928K, used 143360K [0x0000000707400000, 0x0000000800000000)
  region size 1024K, 24 young (24576K), 4 survivors (4096K)
 Metaspace       used 11382K, capacity 11781K, committed 12160K, reserved 1060864K
  class space    used 1179K, capacity 1340K, committed 1408K, reserved 1048576K
}
Event: 1.591 GC heap after
{Heap after GC invocations=8 (full 0):
 garbage-first heap   total 508928K, used 143360K [0x0000000707400000, 0x0000000800000000)
  region size 1024K, 3 young (3072K), 3 survivors (3072K)
 Metaspace       used 11382K, capacity 11781K, committed 12160K, reserved 1060864K
  class space    used 1179K, capacity 1340K, committed 1408K, reserved 1048576K
}
Event: 1.828 GC heap before
{Heap before GC invocations=8 (full 0):
 garbage-first heap   total 508928K, used 192512K [0x0000000707400000, 0x0000000800000000)
  region size 1024K, 49 young (50176K), 3 survivors (3072K)
 Metaspace       used 11382K, capacity 11781K, committed 12160K, reserved 1060864K
  class space    used 1179K, capacity 1340K, committed 1408K, reserved 1048576K
}

